[2012-04-22 01:43:08] 101->1002: terrorist
[2012-04-22 02:21:39] 101->1002: hi
[2012-04-22 02:22:39] 101->1002: hi
[2012-04-22 02:22:58] 101->1002: hi
[2012-04-22 02:23:22] 101->1002: protest
[2012-04-22 02:23:43] 101->1002: hi
[2012-04-22 02:24:01] 101->1002: hi
[2012-04-22 02:25:11] 101->1002: hi
[2012-04-22 02:25:47] 101->1002: hi
[2012-04-22 02:26:00] 101->1002: hi
[2012-04-22 02:28:10] 101->1002: hi
[2012-04-22 02:28:23] 101->1002: hi
[2012-04-22 02:28:42] 101->1002: hi
[2012-04-22 02:29:19] 101->1002: hi
[2012-04-22 02:29:33] 101->1002: hi
[2012-04-22 02:29:41] 101->1002: hi
[2012-04-22 02:30:00] 101->1002: hi
[2012-04-22 02:30:19] 101->1002: shit
[2012-04-22 02:30:22] 101->1002: hello
[2012-04-22 02:32:46] 101->1002: hello
[2012-04-22 02:33:24] 101->1002: hi
[2012-04-22 02:35:30] 101->1002: hei
[2012-04-22 02:35:38] 101->1002: protest
[2012-04-22 02:35:40] 101->1002: shit
[2012-04-22 02:35:43] 101->1002: shit this is a protest
[2012-04-22 02:36:50] 101->1002: shit this is a protest you bastard
[2012-04-22 02:37:03] 101->1002: shit this is a protest
[2012-04-22 02:41:24] 101->1002: hi
[2012-04-22 02:42:13] 101->1002: hi
[2012-04-22 02:42:41] 101->1002: hi
